<?xml version="1.0" encoding="UTF-8"?>
<testng-results ignored="0" total="1" passed="1" failed="0" skipped="0">
  <reporter-output>
  </reporter-output>
  <suite started-at="2023-03-16T17:54:12 IST" name="Failed suite [Default suite]" finished-at="2023-03-16T17:54:19 IST" duration-ms="6944">
    <groups>
    </groups>
    <test started-at="2023-03-16T17:54:12 IST" name="Default test(failed)" finished-at="2023-03-16T17:54:19 IST" duration-ms="6944">
      <class name="com.cps.OrangeHRM.Demo4">
        <test-method is-config="true" signature="launchTheBrowser()[pri:0, instance:com.cps.OrangeHRM.Demo4@48aca48b]" started-at="2023-03-16T17:54:12 IST" name="launchTheBrowser" finished-at="2023-03-16T17:54:17 IST" duration-ms="5039" status="PASS">
          <reporter-output>
          </reporter-output>
        </test-method> <!-- launchTheBrowser -->
        <test-method is-config="true" signature="loginToAppln()[pri:0, instance:com.cps.OrangeHRM.Demo4@48aca48b]" started-at="2023-03-16T17:54:17 IST" name="loginToAppln" finished-at="2023-03-16T17:54:18 IST" duration-ms="1389" status="PASS">
          <reporter-output>
          </reporter-output>
        </test-method> <!-- loginToAppln -->
        <test-method signature="m1()[pri:0, instance:com.cps.OrangeHRM.Demo4@48aca48b]" started-at="2023-03-16T17:54:18 IST" name="m1" finished-at="2023-03-16T17:54:18 IST" duration-ms="4" status="PASS">
          <reporter-output>
          </reporter-output>
        </test-method> <!-- m1 -->
        <test-method is-config="true" signature="logoutFromAppln()[pri:0, instance:com.cps.OrangeHRM.Demo4@48aca48b]" started-at="2023-03-16T17:54:18 IST" name="logoutFromAppln" finished-at="2023-03-16T17:54:18 IST" duration-ms="0" status="PASS">
          <reporter-output>
          </reporter-output>
        </test-method> <!-- logoutFromAppln -->
        <test-method is-config="true" signature="closeTheBrowser()[pri:0, instance:com.cps.OrangeHRM.Demo4@48aca48b]" started-at="2023-03-16T17:54:18 IST" name="closeTheBrowser" finished-at="2023-03-16T17:54:19 IST" duration-ms="474" status="PASS">
          <reporter-output>
          </reporter-output>
        </test-method> <!-- closeTheBrowser -->
      </class> <!-- com.cps.OrangeHRM.Demo4 -->
    </test> <!-- Default test(failed) -->
  </suite> <!-- Failed suite [Default suite] -->
</testng-results>
