<?xml version="1.0" encoding="UTF-8"?>
<testng-results ignored="0" total="1" passed="1" failed="0" skipped="0">
  <reporter-output>
  </reporter-output>
  <suite started-at="2024-05-29T14:51:41 IST" name="Default suite" finished-at="2024-05-29T14:52:24 IST" duration-ms="43430">
    <groups>
    </groups>
    <test started-at="2024-05-29T14:51:41 IST" name="Default test" finished-at="2024-05-29T14:52:24 IST" duration-ms="43430">
      <class name="list.Nvidia">
        <test-method signature="getSpeakerInfo()[pri:0, instance:list.Nvidia@6da21078]" started-at="2024-05-29T14:51:41 IST" name="getSpeakerInfo" finished-at="2024-05-29T14:52:24 IST" duration-ms="43389" status="PASS">
          <reporter-output>
          </reporter-output>
        </test-method> <!-- getSpeakerInfo -->
      </class> <!-- list.Nvidia -->
    </test> <!-- Default test -->
  </suite> <!-- Default suite -->
</testng-results>
